[debug] [2025-03-14T11:17:17.853Z] ----------------------------------------------------------------------
[debug] [2025-03-14T11:17:17.857Z] Command:       C:\Program Files\nodejs\node.exe C:\Users\Harshi\AppData\Roaming\npm\node_modules\firebase-tools\lib\bin\firebase.js init
[debug] [2025-03-14T11:17:17.857Z] CLI Version:   13.34.0
[debug] [2025-03-14T11:17:17.857Z] Platform:      win32
[debug] [2025-03-14T11:17:17.858Z] Node Version:  v22.12.0
[debug] [2025-03-14T11:17:17.858Z] Time:          Fri Mar 14 2025 16:47:17 GMT+0530 (India Standard Time)
[debug] [2025-03-14T11:17:17.858Z] ----------------------------------------------------------------------
[debug] 
[debug] [2025-03-14T11:17:17.869Z] > command requires scopes: ["email","openid","https://www.googleapis.com/auth/cloudplatformprojects.readonly","https://www.googleapis.com/auth/firebase","https://www.googleapis.com/auth/cloud-platform"]
[debug] [2025-03-14T11:17:17.869Z] > authorizing via signed-in user (daleharshi6045@gmail.com)
[info] 
     ######## #### ########  ######## ########     ###     ######  ########
     ##        ##  ##     ## ##       ##     ##  ##   ##  ##       ##
     ######    ##  ########  ######   ########  #########  ######  ######
     ##        ##  ##    ##  ##       ##     ## ##     ##       ## ##
     ##       #### ##     ## ######## ########  ##     ##  ######  ########

You're about to initialize a Firebase project in this directory:

  C:\Users\Harshi\Desktop\Job Board

[info] 
=== Project Setup
[info] 
[info] First, let's associate this project directory with a Firebase project.
[info] You can create multiple project aliases by running firebase use --add, 
[info] but for now we'll just set up a default project.
[info] 
[debug] [2025-03-14T11:18:15.617Z] Checked if tokens are valid: false, expires at: 1741931401905
[debug] [2025-03-14T11:18:15.617Z] Checked if tokens are valid: false, expires at: 1741931401905
[debug] [2025-03-14T11:18:15.618Z] > refreshing access token with scopes: []
[debug] [2025-03-14T11:18:15.620Z] >>> [apiv2][query] POST https://www.googleapis.com/oauth2/v3/token [none]
[debug] [2025-03-14T11:18:15.620Z] >>> [apiv2][body] POST https://www.googleapis.com/oauth2/v3/token [omitted]
[debug] [2025-03-14T11:18:16.330Z] <<< [apiv2][status] POST https://www.googleapis.com/oauth2/v3/token 200
[debug] [2025-03-14T11:18:16.330Z] <<< [apiv2][body] POST https://www.googleapis.com/oauth2/v3/token [omitted]
[debug] [2025-03-14T11:18:16.350Z] >>> [apiv2][query] GET https://firebase.googleapis.com/v1beta1/projects pageSize=100
[debug] [2025-03-14T11:18:17.442Z] <<< [apiv2][status] GET https://firebase.googleapis.com/v1beta1/projects 200
[debug] [2025-03-14T11:18:17.443Z] <<< [apiv2][body] GET https://firebase.googleapis.com/v1beta1/projects [omitted]
[info] i  Using project joblist-6a81c (jobList) 
[info] 
=== Hosting Setup
[debug] [2025-03-14T11:18:34.061Z] Checked if tokens are valid: true, expires at: 1741954695331
[debug] [2025-03-14T11:18:34.061Z] Checked if tokens are valid: true, expires at: 1741954695331
[debug] [2025-03-14T11:18:34.062Z] >>> [apiv2][query] GET https://firebase.googleapis.com/v1beta1/projects/joblist-6a81c [none]
[debug] [2025-03-14T11:18:34.952Z] <<< [apiv2][status] GET https://firebase.googleapis.com/v1beta1/projects/joblist-6a81c 200
[debug] [2025-03-14T11:18:34.953Z] <<< [apiv2][body] GET https://firebase.googleapis.com/v1beta1/projects/joblist-6a81c {"projectId":"joblist-6a81c","projectNumber":"1053706215315","displayName":"jobList","name":"projects/joblist-6a81c","resources":{"hostingSite":"joblist-6a81c"},"state":"ACTIVE","etag":"1_daa4faa3-82aa-41f1-b196-5d3b4c33c698"}
[info] 
[info] Your public directory is the folder (relative to your project directory) that
[info] will contain Hosting assets to be uploaded with firebase deploy. If you
[info] have a build process for your assets, use your build's output directory.
[info] 
